  0.11 ar
  0.12 aj
  0.12 aq
  0.12 az
  0.12 br
  0.12 co
  0.12 du
  0.12 eg
  0.12 fq
  0.12 jb
  0.12 jg
  0.12 kp
  0.12 nc
  0.12 oz
  0.12 pm
  0.12 pv
  0.12 sk
  0.12 tz
  0.12 wb
  0.12 wd
  0.12 xb
  0.12 yk
  0.12 zt
  0.13 ad
  0.13 aw
  0.13 bi
  0.13 bt
  0.13 cq
  0.13 cr
  0.13 de
  0.13 eb
  0.13 es
  0.13 fa
  0.13 fh
  0.13 ft
  0.13 gc
  0.13 gj
  0.13 gl
  0.13 hc
  0.13 hl
  0.13 ho
  0.13 hz
  0.13 ib
  0.13 ic
  0.13 ij
  0.13 iu
  0.13 jh
  0.13 ji
  0.13 jr
  0.13 jt
  0.13 jx
  0.13 jy
  0.13 kh
  0.13 km
  0.13 lk
  0.13 lr
  0.13 mj
  0.13 ms
  0.13 mv
  0.13 mw
  0.13 nb
  0.13 nh
  0.13 nq
  0.13 oa
  0.13 oh
  0.13 om
  0.13 oy
  0.13 pg
  0.13 ph
  0.13 pu
  0.13 qk
  0.13 qx
  0.13 re
  0.13 rh
  0.13 rt
  0.13 rx
  0.13 sa
  0.13 ss
  0.13 sx
  0.13 tw
  0.13 ui
  0.13 uk
  0.13 uo
  0.13 up
  0.13 ux
  0.13 vv
  0.13 wk
  0.13 wp
  0.13 wy
  0.13 yd
  0.13 yf
  0.13 yi
  0.13 yy
  0.13 zg
  0.13 zo
  0.13 zw
  0.13 zz
  0.14 ab
  0.14 ag
  0.14 ak
  0.14 ao
  0.14 au
  0.14 av
  0.14 ay
  0.14 bb
  0.14 bh
  0.14 bj
  0.14 bk
  0.14 bp
  0.14 bs
  0.14 bu
  0.14 bv
  0.14 ca
  0.14 cc
  0.14 cf
  0.14 cm
  0.14 cn
  0.14 cp
  0.14 cu
  0.14 cw
  0.14 cz
  0.14 db
  0.14 dk
  0.14 dn
  0.14 dp
  0.14 ds
  0.14 dw
  0.14 ed
  0.14 ee
  0.14 ei
  0.14 ej
  0.14 el
  0.14 em
  0.14 ep
  0.14 ew
  0.14 fe
  0.14 fi
  0.14 fj
  0.14 fl
  0.14 fu
  0.14 fv
  0.14 fw
  0.14 fy
  0.14 fz
  0.14 ge
  0.14 gm
  0.14 gu
  0.14 gy
  0.14 he
  0.14 hg
  0.14 hi
  0.14 hj
  0.14 hp
  0.14 hq
  0.14 hr
  0.14 hs
  0.14 ht
  0.14 hu
  0.14 hy
  0.14 if
  0.14 in
  0.14 io
  0.14 ip
  0.14 ir
  0.14 it
  0.14 iv
  0.14 iw
  0.14 ix
  0.14 iy
  0.14 iz
  0.14 jd
  0.14 je
  0.14 jj
  0.14 jm
  0.14 jn
  0.14 kc
  0.14 kf
  0.14 ki
  0.14 kk
  0.14 kl
  0.14 kn
  0.14 ko
  0.14 kt
  0.14 ky
  0.14 lb
  0.14 ld
  0.14 le
  0.14 lm
  0.14 lp
  0.14 lv
  0.14 lx
  0.14 ma
  0.14 mi
  0.14 mk
  0.14 mm
  0.14 mp
  0.14 mq
  0.14 mt
  0.14 my
  0.14 mz
  0.14 ne
  0.14 ng
  0.14 nk
  0.14 nn
  0.14 nt
  0.14 od
  0.14 of
  0.14 og
  0.14 ol
  0.14 or
  0.14 ot
  0.14 ov
  0.14 ow
  0.14 ox
  0.14 pe
  0.14 pj
  0.14 po
  0.14 pp
  0.14 pr
  0.14 pz
  0.14 qb
  0.14 qd
  0.14 qg
  0.14 qh
  0.14 qi
  0.14 qn
  0.14 qu
  0.14 qv
  0.14 qz
  0.14 ra
  0.14 rb
  0.14 rc
  0.14 rd
  0.14 ri
  0.14 rl
  0.14 rm
  0.14 ru
  0.14 rw
  0.14 sf
  0.14 sg
  0.14 sj
  0.14 st
  0.14 su
  0.14 sz
  0.14 ta
  0.14 tb
  0.14 td
  0.14 tp
  0.14 tu
  0.14 ub
  0.14 ue
  0.14 ug
  0.14 uj
  0.14 un
  0.14 ur
  0.14 uv
  0.14 uz
  0.14 va
  0.14 vb
  0.14 vd
  0.14 ve
  0.14 vj
  0.14 vp
  0.14 vt
  0.14 vz
  0.14 we
  0.14 wg
  0.14 wh
  0.14 wm
  0.14 wo
  0.14 wq
  0.14 wr
  0.14 ww
  0.14 wz
  0.14 xd
  0.14 xe
  0.14 xh
  0.14 xk
  0.14 xr
  0.14 xy
  0.14 ya
  0.14 yb
  0.14 yl
  0.14 ym
  0.14 yo
  0.14 ys
  0.14 yt
  0.14 yv
  0.14 yx
  0.14 zh
  0.14 zj
  0.14 zm
  0.14 zn
  0.14 zp
  0.14 zv
  0.15 aa
  0.15 ae
  0.15 af
  0.15 ah
  0.15 am
  0.15 an
  0.15 ap
  0.15 ax
  0.15 ba
  0.15 bd
  0.15 be
  0.15 bf
  0.15 bg
  0.15 bo
  0.15 bq
  0.15 bw
  0.15 bz
  0.15 cg
  0.15 ci
  0.15 cj
  0.15 ck
  0.15 cl
  0.15 ct
  0.15 cv
  0.15 cx
  0.15 cy
  0.15 da
  0.15 dc
  0.15 dd
  0.15 dh
  0.15 di
  0.15 dj
  0.15 dl
  0.15 do
  0.15 dr
  0.15 dt
  0.15 dz
  0.15 ec
  0.15 ef
  0.15 eh
  0.15 eo
  0.15 er
  0.15 et
  0.15 ev
  0.15 fc
  0.15 ff
  0.15 fk
  0.15 fo
  0.15 fp
  0.15 gf
  0.15 gh
  0.15 gi
  0.15 gr
  0.15 gt
  0.15 gv
  0.15 gz
  0.15 ha
  0.15 hb
  0.15 hw
  0.15 id
  0.15 ik
  0.15 il
  0.15 is
  0.15 jf
  0.15 jk
  0.15 jl
  0.15 jo
  0.15 jp
  0.15 jq
  0.15 jv
  0.15 kd
  0.15 ke
  0.15 kj
  0.15 kr
  0.15 kv
  0.15 kw
  0.15 kx
  0.15 la
  0.15 lc
  0.15 lf
  0.15 lh
  0.15 lj
  0.15 lo
  0.15 lq
  0.15 lt
  0.15 lw
  0.15 mb
  0.15 me
  0.15 mf
  0.15 mg
  0.15 mh
  0.15 ml
  0.15 mn
  0.15 mr
  0.15 mu
  0.15 na
  0.15 nf
  0.15 ni
  0.15 nj
  0.15 no
  0.15 np
  0.15 ns
  0.15 nu
  0.15 nw
  0.15 nz
  0.15 ob
  0.15 ok
  0.15 oo
  0.15 op
  0.15 os
  0.15 pc
  0.15 pi
  0.15 pl
  0.15 pn
  0.15 px
  0.15 qa
  0.15 qe
  0.15 qj
  0.15 ql
  0.15 qq
  0.15 qr
  0.15 qw
  0.15 qy
  0.15 rg
  0.15 rk
  0.15 ro
  0.15 rp
  0.15 rr
  0.15 rs
  0.15 rv
  0.15 ry
  0.15 rz
  0.15 sc
  0.15 sd
  0.15 si
  0.15 sl
  0.15 so
  0.15 sq
  0.15 tf
  0.15 th
  0.15 tj
  0.15 tl
  0.15 tm
  0.15 tr
  0.15 ts
  0.15 tt
  0.15 tv
  0.15 ty
  0.15 ua
  0.15 ud
  0.15 uf
  0.15 um
  0.15 uq
  0.15 us
  0.15 ut
  0.15 uy
  0.15 vf
  0.15 vg
  0.15 vi
  0.15 vk
  0.15 vn
  0.15 vs
  0.15 vy
  0.15 wj
  0.15 wl
  0.15 wn
  0.15 wt
  0.15 wv
  0.15 xa
  0.15 xc
  0.15 xm
  0.15 xq
  0.15 xs
  0.15 xt
  0.15 xu
  0.15 xw
  0.15 xx
  0.15 xz
  0.15 yc
  0.15 yq
  0.15 yu
  0.15 yz
  0.15 za
  0.15 zc
  0.15 zk
  0.15 zr
  0.15 zs
  0.16 ac
  0.16 ai
  0.16 al
  0.16 bl
  0.16 bm
  0.16 bn
  0.16 bx
  0.16 by
  0.16 cb
  0.16 cd
  0.16 ce
  0.16 ch
  0.16 cs
  0.16 df
  0.16 dm
  0.16 dv
  0.16 dx
  0.16 dy
  0.16 ea
  0.16 ek
  0.16 en
  0.16 eq
  0.16 eu
  0.16 ez
  0.16 fd
  0.16 fg
  0.16 fm
  0.16 fn
  0.16 fr
  0.16 fs
  0.16 fx
  0.16 ga
  0.16 gb
  0.16 gd
  0.16 gk
  0.16 go
  0.16 gq
  0.16 gs
  0.16 gw
  0.16 hd
  0.16 hf
  0.16 hh
  0.16 hk
  0.16 hm
  0.16 hn
  0.16 hx
  0.16 ia
  0.16 ig
  0.16 ii
  0.16 im
  0.16 ja
  0.16 jc
  0.16 js
  0.16 jw
  0.16 jz
  0.16 ka
  0.16 kb
  0.16 kq
  0.16 ku
  0.16 kz
  0.16 lg
  0.16 li
  0.16 ll
  0.16 ls
  0.16 lu
  0.16 mc
  0.16 mx
  0.16 nl
  0.16 nm
  0.16 nr
  0.16 oc
  0.16 oe
  0.16 oi
  0.16 on
  0.16 oq
  0.16 pb
  0.16 pd
  0.16 pf
  0.16 pq
  0.16 ps
  0.16 pt
  0.16 pw
  0.16 qm
  0.16 qo
  0.16 qp
  0.16 qs
  0.16 qt
  0.16 rf
  0.16 rn
  0.16 rq
  0.16 sb
  0.16 se
  0.16 sv
  0.16 sw
  0.16 te
  0.16 ti
  0.16 tk
  0.16 tn
  0.16 to
  0.16 tq
  0.16 tx
  0.16 uc
  0.16 ul
  0.16 uu
  0.16 vh
  0.16 vl
  0.16 vm
  0.16 vq
  0.16 vx
  0.16 wa
  0.16 wf
  0.16 wi
  0.16 ws
  0.16 wu
  0.16 wx
  0.16 xg
  0.16 xj
  0.16 xl
  0.16 xn
  0.16 xo
  0.16 xp
  0.16 xv
  0.16 yg
  0.16 yh
  0.16 yj
  0.16 yn
  0.16 yp
  0.16 yr
  0.16 zb
  0.16 zd
  0.16 ze
  0.16 zf
  0.16 zl
  0.16 zq
  0.16 zu
  0.16 zx
  0.16 zy
  0.17 as
  0.17 at
  0.17 bc
  0.17 dg
  0.17 dq
  0.17 ex
  0.17 ey
  0.17 fb
  0.17 gg
  0.17 gn
  0.17 gp
  0.17 gx
  0.17 hv
  0.17 ih
  0.17 iq
  0.17 ju
  0.17 ks
  0.17 ln
  0.17 ly
  0.17 lz
  0.17 md
  0.17 nd
  0.17 nv
  0.17 nx
  0.17 ny
  0.17 oj
  0.17 ou
  0.17 pa
  0.17 pk
  0.17 py
  0.17 qc
  0.17 rj
  0.17 sh
  0.17 sm
  0.17 sn
  0.17 sp
  0.17 sr
  0.17 sy
  0.17 tc
  0.17 tg
  0.17 uh
  0.17 uw
  0.17 vc
  0.17 vr
  0.17 vu
  0.17 vw
  0.17 wc
  0.17 xf
  0.17 xi
  0.17 ye
  0.17 yw
  0.17 zi
  0.18 ie
  0.18 kg
  0.18 qf
  0.18 vo
  0.19 mo
