  0.04 lr
  0.04 my
  0.05 ly
  0.07 gw
  0.07 ju
  0.07 ug
  0.07 wk
  0.07 wp
  0.08 cw
  0.08 fc
  0.08 gj
  0.08 jg
  0.08 ji
  0.08 nv
  0.08 nw
  0.08 oa
  0.08 pc
  0.08 pv
  0.08 qx
  0.08 tb
  0.08 yo
  0.09 cj
  0.09 di
  0.09 fs
  0.09 gc
  0.09 ho
  0.09 jc
  0.09 lb
  0.09 mj
  0.09 nz
  0.09 oi
  0.09 pp
  0.09 qu
  0.09 rh
  0.09 su
  0.09 tf
  0.09 tz
  0.09 ua
  0.09 uy
  0.09 vy
  0.09 wd
  0.09 wq
  0.09 xu
  0.09 yy
  0.10 aa
  0.10 bj
  0.10 cx
  0.10 dk
  0.10 dz
  0.10 ew
  0.10 fe
  0.10 fn
  0.10 gr
  0.10 hc
  0.10 ij
  0.10 kg
  0.10 kt
  0.10 li
  0.10 mg
  0.10 mh
  0.10 ms
  0.10 mu
  0.10 mz
  0.10 nc
  0.10 nu
  0.10 pm
  0.10 rd
  0.10 rg
  0.10 vj
  0.10 vv
  0.10 vz
  0.10 wn
  0.10 xd
  0.10 xf
  0.10 yc
  0.10 yk
  0.10 yq
  0.10 zd
  0.10 zx
  0.11 ab
  0.11 ad
  0.11 af
  0.11 bh
  0.11 bi
  0.11 ca
  0.11 cb
  0.11 cl
  0.11 dm
  0.11 du
  0.11 ei
  0.11 ez
  0.11 gi
  0.11 gs
  0.11 hb
  0.11 hg
  0.11 hu
  0.11 iu
  0.11 jk
  0.11 jz
  0.11 ki
  0.11 ko
  0.11 ld
  0.11 lg
  0.11 lw
  0.11 ml
  0.11 nb
  0.11 nf
  0.11 nl
  0.11 np
  0.11 of
  0.11 om
  0.11 on
  0.11 ox
  0.11 pw
  0.11 qg
  0.11 ra
  0.11 rf
  0.11 rt
  0.11 rx
  0.11 sb
  0.11 so
  0.11 ss
  0.11 tj
  0.11 tk
  0.11 ui
  0.11 uj
  0.11 uk
  0.11 ul
  0.11 va
  0.11 wb
  0.11 wg
  0.11 wh
  0.11 xh
  0.11 xi
  0.11 yb
  0.12 aq
  0.12 au
  0.12 az
  0.12 be
  0.12 bu
  0.12 cc
  0.12 ck
  0.12 co
  0.12 dh
  0.12 ej
  0.12 es
  0.12 fu
  0.12 ga
  0.12 gl
  0.12 gu
  0.12 gv
  0.12 gy
  0.12 hh
  0.12 hk
  0.12 hy
  0.12 if
  0.12 im
  0.12 in
  0.12 is
  0.12 jj
  0.12 jn
  0.12 jr
  0.12 kf
  0.12 kh
  0.12 ky
  0.12 le
  0.12 lh
  0.12 mk
  0.12 mm
  0.12 mp
  0.12 ni
  0.12 nn
  0.12 ou
  0.12 oy
  0.12 pf
  0.12 ph
  0.12 pj
  0.12 pq
  0.12 qc
  0.12 rw
  0.12 sf
  0.12 si
  0.12 sz
  0.12 td
  0.12 tn
  0.12 tp
  0.12 tu
  0.12 tx
  0.12 wm
  0.12 xn
  0.12 yn
  0.12 zh
  0.12 zs
  0.12 zu
  0.13 ac
  0.13 ao
  0.13 ap
  0.13 ar
  0.13 av
  0.13 bg
  0.13 bs
  0.13 ch
  0.13 cz
  0.13 do
  0.13 ec
  0.13 el
  0.13 fl
  0.13 fx
  0.13 gd
  0.13 hp
  0.13 it
  0.13 jp
  0.13 kv
  0.13 kw
  0.13 kz
  0.13 mv
  0.13 mw
  0.13 qh
  0.13 re
  0.13 rl
  0.13 ro
  0.13 rs
  0.13 rv
  0.13 ry
  0.13 sc
  0.13 te
  0.13 th
  0.13 tw
  0.13 vi
  0.13 vm
  0.13 vp
  0.13 we
  0.13 wj
  0.13 xb
  0.13 xk
  0.13 xs
  0.13 xz
  0.13 yh
  0.13 ys
  0.13 zg
  0.13 zj
  0.13 zo
  0.14 ae
  0.14 ai
  0.14 ak
  0.14 aw
  0.14 bb
  0.14 bm
  0.14 bp
  0.14 br
  0.14 bv
  0.14 bx
  0.14 ce
  0.14 cg
  0.14 ci
  0.14 cp
  0.14 da
  0.14 dj
  0.14 ds
  0.14 en
  0.14 fg
  0.14 fh
  0.14 fk
  0.14 fw
  0.14 gb
  0.14 gm
  0.14 gn
  0.14 hs
  0.14 hv
  0.14 hz
  0.14 ic
  0.14 ii
  0.14 iv
  0.14 ix
  0.14 jb
  0.14 jm
  0.14 jx
  0.14 jy
  0.14 kd
  0.14 ke
  0.14 kj
  0.14 kk
  0.14 kn
  0.14 kq
  0.14 lj
  0.14 lk
  0.14 lm
  0.14 ls
  0.14 lz
  0.14 me
  0.14 mr
  0.14 na
  0.14 ne
  0.14 nm
  0.14 oc
  0.14 or
  0.14 pi
  0.14 pu
  0.14 qa
  0.14 qi
  0.14 qr
  0.14 qw
  0.14 rj
  0.14 rn
  0.14 ru
  0.14 sj
  0.14 sp
  0.14 sw
  0.14 sx
  0.14 tt
  0.14 ty
  0.14 uf
  0.14 un
  0.14 us
  0.14 ux
  0.14 vd
  0.14 vh
  0.14 vt
  0.14 vw
  0.14 wy
  0.14 xj
  0.14 yi
  0.14 ym
  0.14 yz
  0.14 zv
  0.15 aj
  0.15 an
  0.15 bl
  0.15 cf
  0.15 cm
  0.15 cq
  0.15 cr
  0.15 cs
  0.15 ct
  0.15 cu
  0.15 dc
  0.15 dn
  0.15 dp
  0.15 dt
  0.15 dy
  0.15 eb
  0.15 eh
  0.15 ev
  0.15 fa
  0.15 fj
  0.15 ft
  0.15 gp
  0.15 gx
  0.15 gz
  0.15 he
  0.15 hf
  0.15 hj
  0.15 hm
  0.15 ip
  0.15 iw
  0.15 iy
  0.15 jf
  0.15 jh
  0.15 jl
  0.15 jo
  0.15 kc
  0.15 kr
  0.15 ln
  0.15 mf
  0.15 mi
  0.15 mt
  0.15 ng
  0.15 nh
  0.15 no
  0.15 oe
  0.15 oh
  0.15 os
  0.15 ow
  0.15 pr
  0.15 ps
  0.15 qk
  0.15 qs
  0.15 qy
  0.15 rc
  0.15 sg
  0.15 sh
  0.15 sm
  0.15 st
  0.15 sv
  0.15 ud
  0.15 um
  0.15 ur
  0.15 ut
  0.15 uv
  0.15 vc
  0.15 vq
  0.15 wo
  0.15 wu
  0.15 ww
  0.15 ye
  0.15 yf
  0.15 yv
  0.15 zw
  0.16 ag
  0.16 ay
  0.16 bd
  0.16 bq
  0.16 bz
  0.16 db
  0.16 dq
  0.16 dr
  0.16 ed
  0.16 ee
  0.16 er
  0.16 et
  0.16 eu
  0.16 ey
  0.16 fb
  0.16 fd
  0.16 gf
  0.16 gh
  0.16 hl
  0.16 hq
  0.16 hr
  0.16 id
  0.16 ig
  0.16 ih
  0.16 iq
  0.16 jt
  0.16 kl
  0.16 la
  0.16 lu
  0.16 lx
  0.16 mx
  0.16 nq
  0.16 od
  0.16 ot
  0.16 oz
  0.16 pd
  0.16 pg
  0.16 qj
  0.16 qt
  0.16 qz
  0.16 sl
  0.16 ta
  0.16 ts
  0.16 uu
  0.16 vf
  0.16 vl
  0.16 wa
  0.16 wc
  0.16 wx
  0.16 xc
  0.16 xm
  0.16 xp
  0.16 xx
  0.16 yp
  0.16 yr
  0.16 yt
  0.16 yu
  0.16 zf
  0.16 zk
  0.16 zn
  0.16 zp
  0.16 zt
  0.17 at
  0.17 ax
  0.17 bn
  0.17 bt
  0.17 by
  0.17 cv
  0.17 cy
  0.17 dd
  0.17 ek
  0.17 em
  0.17 eo
  0.17 ep
  0.17 ff
  0.17 fm
  0.17 fo
  0.17 fq
  0.17 fv
  0.17 ge
  0.17 gg
  0.17 go
  0.17 gt
  0.17 hn
  0.17 hw
  0.17 ir
  0.17 iz
  0.17 je
  0.17 jv
  0.17 kx
  0.17 lo
  0.17 mb
  0.17 nj
  0.17 nt
  0.17 og
  0.17 oo
  0.17 oq
  0.17 ov
  0.17 pk
  0.17 pn
  0.17 qm
  0.17 qq
  0.17 rp
  0.17 rr
  0.17 rz
  0.17 sd
  0.17 se
  0.17 sq
  0.17 tc
  0.17 ti
  0.17 uo
  0.17 ve
  0.17 vg
  0.17 vn
  0.17 vr
  0.17 vs
  0.17 vx
  0.17 wt
  0.17 wv
  0.17 xe
  0.17 xq
  0.17 xr
  0.17 xy
  0.17 yl
  0.17 yw
  0.17 zl
  0.17 zm
  0.18 al
  0.18 bw
  0.18 ef
  0.18 eq
  0.18 fy
  0.18 fz
  0.18 gq
  0.18 hd
  0.18 ib
  0.18 ie
  0.18 il
  0.18 jq
  0.18 kp
  0.18 ku
  0.18 lp
  0.18 lv
  0.18 ma
  0.18 md
  0.18 mo
  0.18 oj
  0.18 ol
  0.18 pa
  0.18 po
  0.18 qb
  0.18 qd
  0.18 qn
  0.18 rb
  0.18 rm
  0.18 sa
  0.18 sy
  0.18 tl
  0.18 tm
  0.18 tv
  0.18 uz
  0.18 wr
  0.18 ws
  0.18 xl
  0.18 xo
  0.18 xt
  0.18 ya
  0.18 yj
  0.18 yx
  0.18 za
  0.18 zq
  0.19 ah
  0.19 as
  0.19 bf
  0.19 bk
  0.19 dg
  0.19 ea
  0.19 fi
  0.19 fp
  0.19 fr
  0.19 io
  0.19 ka
  0.19 ks
  0.19 ll
  0.19 mn
  0.19 mq
  0.19 nx
  0.19 ob
  0.19 op
  0.19 pe
  0.19 px
  0.19 pz
  0.19 qv
  0.19 ri
  0.19 sk
  0.19 sr
  0.19 to
  0.19 tq
  0.19 uc
  0.19 ue
  0.19 uh
  0.19 vk
  0.19 vu
  0.19 wz
  0.19 zb
  0.20 bc
  0.20 cn
  0.20 de
  0.20 dl
  0.20 dw
  0.20 eg
  0.20 ex
  0.20 hi
  0.20 hx
  0.20 jd
  0.20 kb
  0.20 lf
  0.20 nk
  0.20 nr
  0.20 ns
  0.20 ny
  0.20 ok
  0.20 pb
  0.20 py
  0.20 ql
  0.20 rk
  0.20 rq
  0.20 sn
  0.20 tg
  0.20 up
  0.20 wf
  0.20 wi
  0.20 xa
  0.20 xg
  0.20 xw
  0.20 ze
  0.20 zz
  0.21 bo
  0.21 df
  0.21 ha
  0.21 ht
  0.21 ik
  0.21 lc
  0.21 lq
  0.21 mc
  0.21 nd
  0.21 qe
  0.21 qf
  0.21 qo
  0.21 ub
  0.21 uw
  0.21 wl
  0.21 xv
  0.21 yd
  0.21 zi
  0.21 zr
  0.21 zy
  0.22 am
  0.22 ba
  0.22 cd
  0.22 dv
  0.22 vo
  0.23 dx
  0.23 gk
  0.23 ja
  0.23 js
  0.23 jw
  0.23 km
  0.23 pl
  0.23 pt
  0.23 tr
  0.23 vb
  0.23 zc
  0.24 ia
  0.24 qp
  0.24 uq
  0.27 yg
  0.29 lt
